<?xml version="1.0" encoding="UTF-8"?>
<!-- Generated by org.testng.reporters.JUnitReportReporter -->
<testsuite hostname="DESKTOP-5RHTPCO" failures="0" tests="1" name="TestRunner.Actitime" time="0.000" errors="0" timestamp="16 Mar 2023 06:35:36 GMT" skipped="1">
  <testcase classname="TestRunner.Actitime" name="runScenario" time="0.000">
    <skipped/>
  </testcase> <!-- runScenario -->
</testsuite> <!-- TestRunner.Actitime -->
