<?xml version="1.0" encoding="UTF-8"?>
<!-- Generated by org.testng.reporters.JUnitReportReporter -->
<testsuite hostname="DESKTOP-5RHTPCO" failures="0" tests="1" name="TestRunner.Runner" time="10.525" errors="0" timestamp="16 Mar 2023 10:05:21 GMT" skipped="0">
  <testcase classname="TestRunner.Runner" name="runScenario" time="10.525"/>
</testsuite> <!-- TestRunner.Runner -->
