<?xml version="1.0" encoding="UTF-8"?>
<!-- Generated by org.testng.reporters.JUnitReportReporter -->
<testsuite hostname="DESKTOP-5RHTPCO" failures="0" tests="1" name="TestRunner.Runner" time="9.757" errors="0" timestamp="19 Feb 2023 11:21:54 GMT" skipped="0">
  <testcase classname="TestRunner.Runner" name="runScenario" time="9.757"/>
</testsuite> <!-- TestRunner.Runner -->
