<?xml version="1.0" encoding="UTF-8"?>
<!-- Generated by org.testng.reporters.JUnitReportReporter -->
<testsuite hostname="DESKTOP-5RHTPCO" failures="0" tests="1" name="TestRunner.Runner" time="0.308" errors="0" timestamp="27 Mar 2023 17:00:02 GMT" skipped="1">
  <testcase classname="TestRunner.Runner" name="runScenario" time="0.308">
    <skipped/>
  </testcase> <!-- runScenario -->
</testsuite> <!-- TestRunner.Runner -->
